#
# There is insufficient memory for the Java Runtime Environment to continue.
# Native memory allocation (malloc) failed to allocate 1048576 bytes for AllocateHeap
# Possible reasons:
#   The system is out of physical RAM or swap space
#   In 32 bit mode, the process size limit was hit
# Possible solutions:
#   Reduce memory load on the system
#   Increase physical memory or swap space
#   Check if swap backing store is full
#   Use 64 bit Java on a 64 bit OS
#   Decrease Java heap size (-Xmx/-Xms)
#   Decrease number of Java threads
#   Decrease Java thread stack sizes (-Xss)
#   Set larger code cache with -XX:ReservedCodeCacheSize=
# This output file may be truncated or incomplete.
#
#  Out of Memory Error (memory/allocation.inline.hpp:61), pid=13620, tid=0x0000000000005c9c
#
# JRE version:  (8.0_131-b11) (build )
# Java VM: Java HotSpot(TM) 64-Bit Server VM (25.131-b11 mixed mode windows-amd64 compressed oops)
# Failed to write core dump. Minidumps are not enabled by default on client versions of Windows
#

---------------  T H R E A D  ---------------

Current thread (0x0000000002b4a000):  JavaThread "Unknown thread" [_thread_in_vm, id=23708, stack(0x0000000002a40000,0x0000000002b40000)]

Stack: [0x0000000002a40000,0x0000000002b40000]
[error occurred during error reporting (printing stack bounds), id 0xc0000005]

Native frames: (J=compiled Java code, j=interpreted, Vv=VM code, C=native code)


---------------  P R O C E S S  ---------------

Java Threads: ( => current thread )

Other Threads:

=>0x0000000002b4a000 (exited) JavaThread "Unknown thread" [_thread_in_vm, id=23708, stack(0x0000000002a40000,0x0000000002b40000)]

VM state:not at safepoint (normal execution)

VM Mutex/Monitor currently owned by a thread: None

Heap:
 PSYoungGen      total 75776K, used 1300K [0x000000076bf80000, 0x0000000771400000, 0x00000007c0000000)
  eden space 65024K, 2% used [0x000000076bf80000,0x000000076c0c51f8,0x000000076ff00000)
  from space 10752K, 0% used [0x0000000770980000,0x0000000770980000,0x0000000771400000)
  to   space 10752K, 0% used [0x000000076ff00000,0x000000076ff00000,0x0000000770980000)
 ParOldGen       total 173568K, used 0K [0x00000006c3e00000, 0x00000006ce780000, 0x000000076bf80000)
  object space 173568K, 0% used [0x00000006c3e00000,0x00000006c3e00000,0x00000006ce780000)
 Metaspace       used 781K, capacity 4480K, committed 4480K, reserved 1056768K
  class space    used 75K, capacity 384K, committed 384K, reserved 1048576K

Card table byte_map: [0x0000000012000000,0x00000000127f0000] byte_map_base: 0x000000000e9e1000

Marking Bits: (ParMarkBitMap*) 0x0000000050c5c720
 Begin Bits: [0x0000000013a40000, 0x0000000017948000)
 End Bits:   [0x0000000017948000, 0x000000001b850000)

Polling page: 0x00000000007e0000

CodeCache: size=245760Kb used=328Kb max_used=328Kb free=245431Kb
 bounds [0x0000000002c40000, 0x0000000002eb0000, 0x0000000011c40000]
 total_blobs=58 nmethods=0 adapters=38
 compilation: enabled

Compilation events (0 events):
No events

GC Heap History (0 events):
No events

Deoptimization events (0 events):
No events

Internal exceptions (0 events):
No events

Events (10 events):
Event: 0.019 loading class java/lang/Short
Event: 0.019 loading class java/lang/Short done
Event: 0.019 loading class java/lang/Integer
Event: 0.019 loading class java/lang/Integer done
Event: 0.019 loading class java/lang/Long
Event: 0.019 loading class java/lang/Long done
Event: 0.019 loading class java/lang/NullPointerException
Event: 0.019 loading class java/lang/NullPointerException done
Event: 0.019 loading class java/lang/ArithmeticException
Event: 0.019 loading class java/lang/ArithmeticException done


Dynamic libraries:
0x00007ff67a980000 - 0x00007ff67a9b7000 	D:\Program Files\Java\jdk1.8.0_131\bin\java.exe
0x00007ff871cd0000 - 0x00007ff871ec5000 	C:\Windows\SYSTEM32\ntdll.dll
0x00007ff86fe00000 - 0x00007ff86febe000 	C:\Windows\System32\KERNEL32.DLL
0x00007ff86f7c0000 - 0x00007ff86fa88000 	C:\Windows\System32\KERNELBASE.dll
0x00007ff8718a0000 - 0x00007ff87194e000 	C:\Windows\System32\ADVAPI32.dll
0x00007ff871440000 - 0x00007ff8714de000 	C:\Windows\System32\msvcrt.dll
0x00007ff871b80000 - 0x00007ff871c1c000 	C:\Windows\System32\sechost.dll
0x00007ff870bb0000 - 0x00007ff870cd5000 	C:\Windows\System32\RPCRT4.dll
0x00007ff8716a0000 - 0x00007ff871840000 	C:\Windows\System32\USER32.dll
0x00007ff86fc60000 - 0x00007ff86fc82000 	C:\Windows\System32\win32u.dll
0x00007ff871280000 - 0x00007ff8712ab000 	C:\Windows\System32\GDI32.dll
0x00007ff86f660000 - 0x00007ff86f76d000 	C:\Windows\System32\gdi32full.dll
0x00007ff86f5c0000 - 0x00007ff86f65d000 	C:\Windows\System32\msvcp_win.dll
0x00007ff86f410000 - 0x00007ff86f510000 	C:\Windows\System32\ucrtbase.dll
0x00007ff859300000 - 0x00007ff85959a000 	C:\Windows\WinSxS\amd64_microsoft.windows.common-controls_6595b64144ccf1df_6.0.19041.1110_none_60b5254171f9507e\COMCTL32.dll
0x00007ff86fec0000 - 0x00007ff86fef0000 	C:\Windows\System32\IMM32.DLL
0x0000000050ce0000 - 0x0000000050db2000 	D:\Program Files\Java\jdk1.8.0_131\jre\bin\msvcr100.dll
0x0000000050440000 - 0x0000000050cdc000 	D:\Program Files\Java\jdk1.8.0_131\jre\bin\server\jvm.dll
0x00007ff86fdf0000 - 0x00007ff86fdf8000 	C:\Windows\System32\PSAPI.DLL
0x00007ff85dbe0000 - 0x00007ff85dbe9000 	C:\Windows\SYSTEM32\WSOCK32.dll
0x00007ff867ea0000 - 0x00007ff867eaa000 	C:\Windows\SYSTEM32\VERSION.dll
0x00007ff85e760000 - 0x00007ff85e787000 	C:\Windows\SYSTEM32\WINMM.dll
0x00007ff871c20000 - 0x00007ff871c8b000 	C:\Windows\System32\WS2_32.dll
0x0000000050430000 - 0x000000005043f000 	D:\Program Files\Java\jdk1.8.0_131\jre\bin\verify.dll
0x0000000050400000 - 0x0000000050429000 	D:\Program Files\Java\jdk1.8.0_131\jre\bin\java.dll
0x0000000077fc0000 - 0x0000000077ff5000 	D:\Program Files\Java\jdk1.8.0_131\jre\bin\jdwp.dll
0x0000000050010000 - 0x0000000050018000 	D:\Program Files\Java\jdk1.8.0_131\jre\bin\npt.dll
0x00000000503e0000 - 0x00000000503f6000 	D:\Program Files\Java\jdk1.8.0_131\jre\bin\zip.dll

VM Arguments:
jvm_args: -agentlib:jdwp=transport=dt_socket,address=127.0.0.1:64136,suspend=y,server=n -XX:TieredStopAtLevel=1 -Xverify:none -Dspring.output.ansi.enabled=always -Dcom.sun.management.jmxremote -Dspring.jmx.enabled=true -Dspring.liveBeansView.mbeanDomain -Dspring.application.admin.enabled=true -Dfile.encoding=GBK 
java_command: com.example.provider.RocketmqProviderApplication
java_class_path (initial): D:\Program Files\Java\jdk1.8.0_131\jre\lib\charsets.jar;D:\Program Files\Java\jdk1.8.0_131\jre\lib\deploy.jar;D:\Program Files\Java\jdk1.8.0_131\jre\lib\ext\access-bridge-64.jar;D:\Program Files\Java\jdk1.8.0_131\jre\lib\ext\cldrdata.jar;D:\Program Files\Java\jdk1.8.0_131\jre\lib\ext\dnsns.jar;D:\Program Files\Java\jdk1.8.0_131\jre\lib\ext\jaccess.jar;D:\Program Files\Java\jdk1.8.0_131\jre\lib\ext\jfxrt.jar;D:\Program Files\Java\jdk1.8.0_131\jre\lib\ext\localedata.jar;D:\Program Files\Java\jdk1.8.0_131\jre\lib\ext\nashorn.jar;D:\Program Files\Java\jdk1.8.0_131\jre\lib\ext\sunec.jar;D:\Program Files\Java\jdk1.8.0_131\jre\lib\ext\sunjce_provider.jar;D:\Program Files\Java\jdk1.8.0_131\jre\lib\ext\sunmscapi.jar;D:\Program Files\Java\jdk1.8.0_131\jre\lib\ext\sunpkcs11.jar;D:\Program Files\Java\jdk1.8.0_131\jre\lib\ext\zipfs.jar;D:\Program Files\Java\jdk1.8.0_131\jre\lib\javaws.jar;D:\Program Files\Java\jdk1.8.0_131\jre\lib\jce.jar;D:\Program Files\Java\jdk1.8.0_131\jre\lib\jfr.jar;D:\Program Files\Java\jdk1.8.0_131\jre\lib\jfxswt.jar;D:\Program Files\Java\jdk1.8.0_131\jre\lib\jsse.jar;D:\Program Files\Java\jdk1.8.0_131\jre\lib\management-agent.jar;D:\Program Files\Java\jdk1.8.0_131\jre\lib\plugin.jar;D:\Program Files\Java\jdk1.8.0_131\jre\lib\resources.jar;D:\Program Files\Java\jdk1.8.0_131\jre\lib\rt.jar;E:\JavaDistributedProject\springcloud-demo\rocketmq-provider\target\classes;E:\Maven\MavenRepositoty\org\springframework\cloud\spring-cloud-starter-netflix-zuul\2.1.1.RELEASE\spring-cloud-starter-netflix-zuul-2.1.1.RELEASE.jar;E:\Maven\MavenRepositoty\org\springframework\cloud\spring-cloud-netflix-zuul\2.1.1.RELEASE\spring-cloud-netflix-zuul-2.1.1.RELEASE.jar;E:\Maven\MavenRepositoty\org\apache\httpcomponents\httpclient\4.5.8\httpclient-4.5.8.jar;E:\Maven\MavenRepositoty\org\apache\httpcomponents\httpcore\4.4.11\httpcore-4.4.11.jar;E:\Maven\MavenRepositoty\commons-codec\commons-codec\1.11\commons-codec-1.11.jar;E:\Maven\MavenRepositoty\com\n
Launcher Type: SUN_STANDARD

Environment Variables:
JAVA_HOME=D:\Program Files\Java\jdk1.8.0_131
CLASSPATH=.;D:\Program Files\Java\jdk1.8.0_131\lib;D:\Program Files\Java\jdk1.8.0_131\lib\tools.jar
USERNAME=mopan
OS=Windows_NT
PROCESSOR_IDENTIFIER=Intel64 Family 6 Model 141 Stepping 1, GenuineIntel



---------------  S Y S T E M  ---------------

OS: Windows 10.0 , 64 bit Build 19041 (10.0.19041.1503)

CPU:total 16 (initial active 16) (8 cores per cpu, 2 threads per core) family 6 model 141 stepping 1, cmov, cx8, fxsr, mmx, sse, sse2, sse3, ssse3, sse4.1, sse4.2, popcnt, avx, avx2, aes, clmul, erms, 3dnowpref, lzcnt, ht, tsc, tscinvbit, bmi1, bmi2, adx

Memory: 4k page, physical 16515144k(6775852k free), swap 29623236k(4120k free)

vm_info: Java HotSpot(TM) 64-Bit Server VM (25.131-b11) for windows-amd64 JRE (1.8.0_131-b11), built on Mar 15 2017 01:23:53 by "java_re" with MS VC++ 10.0 (VS2010)

time: Fri Feb 18 16:18:23 2022
elapsed time: 0 seconds (0d 0h 0m 0s)

